<?xml version="1.0" encoding="UTF-8"?>
<!-- Generated by org.testng.reporters.JUnitXMLReporter -->
<testsuite ignored="0" hostname="DESKTOP-P15NSOS" failures="0" tests="3" name="Default test" time="66.266" errors="0" timestamp="2023-02-22T23:00:36 IST">
  <testcase classname="Learning_TestNg.Parallel2" name="ps1" time="14.346"/>
  <testcase classname="Learning_TestNg.Parallel2" name="ps2" time="10.458"/>
  <testcase classname="Learning_TestNg.Parallel2" name="ps3" time="41.34"/>
</testsuite> <!-- Default test -->
