<?xml version="1.0" encoding="UTF-8"?>
<!-- Generated by org.testng.reporters.JUnitXMLReporter -->
<testsuite ignored="0" hostname="DESKTOP-P15NSOS" failures="0" tests="7" name="Test" time="72.191" errors="0" timestamp="2023-02-22T23:38:07 IST">
  <testcase classname="Learning_TestNg.Parallel2" name="ps1" time="22.44"/>
  <testcase classname="Learning_TestNg.Parallel1" name="ts1" time="23.539"/>
  <testcase classname="Learning_TestNg.Parallel1" name="ts1" time="23.877"/>
  <testcase classname="Learning_TestNg.Parallel1" name="ts1" time="26.56"/>
  <testcase classname="Learning_TestNg.Parallel2" name="ps2" time="26.56"/>
  <testcase classname="Learning_TestNg.Parallel1" name="ts2" time="23.637"/>
  <testcase classname="Learning_TestNg.Parallel2" name="ps3" time="23.038"/>
</testsuite> <!-- Test -->
