<?xml version="1.0" encoding="UTF-8"?>
<testng-results ignored="0" total="7" passed="7" failed="0" skipped="0">
  <reporter-output>
  </reporter-output>
  <suite started-at="2023-02-22T23:36:55 IST" name="Suite" finished-at="2023-02-22T23:38:07 IST" duration-ms="72191">
    <groups>
    </groups>
    <test started-at="2023-02-22T23:36:55 IST" name="Test" finished-at="2023-02-22T23:38:07 IST" duration-ms="72191">
      <class name="Learning_TestNg.Parallel1">
        <test-method signature="ts1()[pri:0, instance:Learning_TestNg.Parallel1@61df66b6]" started-at="2023-02-22T23:36:55 IST" name="ts1" finished-at="2023-02-22T23:37:18 IST" duration-ms="23539" status="PASS">
          <reporter-output>
          </reporter-output>
        </test-method> <!-- ts1 -->
        <test-method signature="ts1()[pri:0, instance:Learning_TestNg.Parallel1@61df66b6]" started-at="2023-02-22T23:36:55 IST" name="ts1" finished-at="2023-02-22T23:37:19 IST" duration-ms="23877" status="PASS">
          <reporter-output>
          </reporter-output>
        </test-method> <!-- ts1 -->
        <test-method signature="ts1()[pri:0, instance:Learning_TestNg.Parallel1@61df66b6]" started-at="2023-02-22T23:36:55 IST" name="ts1" finished-at="2023-02-22T23:37:21 IST" duration-ms="26560" status="PASS">
          <reporter-output>
          </reporter-output>
        </test-method> <!-- ts1 -->
        <test-method signature="ts2()[pri:0, instance:Learning_TestNg.Parallel1@61df66b6]" started-at="2023-02-22T23:37:21 IST" name="ts2" finished-at="2023-02-22T23:37:45 IST" duration-ms="23637" status="PASS">
          <reporter-output>
          </reporter-output>
        </test-method> <!-- ts2 -->
      </class> <!-- Learning_TestNg.Parallel1 -->
      <class name="Learning_TestNg.Parallel2">
        <test-method signature="ps1()[pri:0, instance:Learning_TestNg.Parallel2@1dde4cb2]" started-at="2023-02-22T23:36:55 IST" name="ps1" finished-at="2023-02-22T23:37:17 IST" duration-ms="22440" status="PASS">
          <reporter-output>
          </reporter-output>
        </test-method> <!-- ps1 -->
        <test-method signature="ps2()[pri:0, instance:Learning_TestNg.Parallel2@1dde4cb2]" started-at="2023-02-22T23:37:17 IST" name="ps2" finished-at="2023-02-22T23:37:44 IST" duration-ms="26560" status="PASS">
          <reporter-output>
          </reporter-output>
        </test-method> <!-- ps2 -->
        <test-method signature="ps3()[pri:0, instance:Learning_TestNg.Parallel2@1dde4cb2]" started-at="2023-02-22T23:37:44 IST" name="ps3" finished-at="2023-02-22T23:38:07 IST" duration-ms="23038" status="PASS">
          <reporter-output>
          </reporter-output>
        </test-method> <!-- ps3 -->
      </class> <!-- Learning_TestNg.Parallel2 -->
    </test> <!-- Test -->
  </suite> <!-- Suite -->
</testng-results>
