<?xml version="1.0" encoding="UTF-8"?>
<!-- Generated by org.testng.reporters.JUnitXMLReporter -->
<testsuite ignored="0" hostname="DESKTOP-P15NSOS" failures="0" tests="6" name="Group Test" time="0.281" errors="0" timestamp="2023-02-22T20:06:32 IST">
  <testcase classname="Learning_TestNg.Group" name="tc1" time="0.035"/>
  <testcase classname="Learning_TestNg.Group" name="tc2" time="0.004"/>
  <testcase classname="Learning_TestNg.Group" name="tc3" time="0.007"/>
  <testcase classname="Learning_TestNg.Group" name="tc4" time="0.006"/>
  <testcase classname="Learning_TestNg.Group" name="tc5" time="0.008"/>
  <testcase classname="Learning_TestNg.Group" name="tc6" time="0.004"/>
</testsuite> <!-- Group Test -->
